{"/Users/tal/dev/assignments/bondsports-api/src/app/entities/account-entity.ts": {"path":"/Users/tal/dev/assignments/bondsports-api/src/app/entities/account-entity.ts","statementMap":{"0":{"start":{"line":20,"column":8},"end":{"line":20,"column":null}},"1":{"start":{"line":7,"column":4},"end":{"line":7,"column":null}},"2":{"start":{"line":9,"column":4},"end":{"line":9,"column":null}},"3":{"start":{"line":11,"column":4},"end":{"line":11,"column":null}},"4":{"start":{"line":13,"column":4},"end":{"line":13,"column":null}},"5":{"start":{"line":15,"column":4},"end":{"line":15,"column":null}},"6":{"start":{"line":17,"column":4},"end":{"line":17,"column":null}},"7":{"start":{"line":24,"column":8},"end":{"line":24,"column":null}},"8":{"start":{"line":28,"column":8},"end":{"line":28,"column":null}},"9":{"start":{"line":32,"column":8},"end":{"line":32,"column":null}},"10":{"start":{"line":36,"column":8},"end":{"line":36,"column":null}},"11":{"start":{"line":40,"column":8},"end":{"line":40,"column":null}},"12":{"start":{"line":44,"column":8},"end":{"line":44,"column":null}},"13":{"start":{"line":48,"column":8},"end":{"line":48,"column":null}},"14":{"start":{"line":51,"column":8},"end":{"line":51,"column":null}},"15":{"start":{"line":54,"column":8},"end":{"line":54,"column":null}},"16":{"start":{"line":57,"column":8},"end":{"line":57,"column":null}},"17":{"start":{"line":60,"column":8},"end":{"line":60,"column":null}},"18":{"start":{"line":63,"column":8},"end":{"line":63,"column":null}},"19":{"start":{"line":67,"column":8},"end":{"line":67,"column":null}},"20":{"start":{"line":71,"column":8},"end":{"line":71,"column":null}},"21":{"start":{"line":71,"column":25},"end":{"line":71,"column":null}},"22":{"start":{"line":73,"column":8},"end":{"line":73,"column":null}},"23":{"start":{"line":73,"column":30},"end":{"line":73,"column":null}},"24":{"start":{"line":75,"column":8},"end":{"line":75,"column":null}},"25":{"start":{"line":79,"column":8},"end":{"line":79,"column":null}},"26":{"start":{"line":79,"column":25},"end":{"line":79,"column":null}},"27":{"start":{"line":80,"column":8},"end":{"line":80,"column":null}},"28":{"start":{"line":80,"column":30},"end":{"line":80,"column":null}},"29":{"start":{"line":82,"column":8},"end":{"line":84,"column":null}},"30":{"start":{"line":83,"column":12},"end":{"line":83,"column":null}},"31":{"start":{"line":86,"column":8},"end":{"line":88,"column":null}},"32":{"start":{"line":87,"column":12},"end":{"line":87,"column":null}},"33":{"start":{"line":90,"column":8},"end":{"line":90,"column":null}}},"fnMap":{"0":{"name":"(anonymous_0)","decl":{"start":{"line":19,"column":11},"end":{"line":19,"column":23}},"loc":{"start":{"line":19,"column":36},"end":{"line":21,"column":null}},"line":19},"1":{"name":"(anonymous_1)","decl":{"start":{"line":23,"column":11},"end":{"line":23,"column":23}},"loc":{"start":{"line":23,"column":47},"end":{"line":25,"column":null}},"line":23},"2":{"name":"(anonymous_2)","decl":{"start":{"line":27,"column":11},"end":{"line":27,"column":22}},"loc":{"start":{"line":27,"column":45},"end":{"line":29,"column":null}},"line":27},"3":{"name":"(anonymous_3)","decl":{"start":{"line":31,"column":11},"end":{"line":31,"column":34}},"loc":{"start":{"line":31,"column":55},"end":{"line":33,"column":null}},"line":31},"4":{"name":"(anonymous_4)","decl":{"start":{"line":35,"column":11},"end":{"line":35,"column":25}},"loc":{"start":{"line":35,"column":50},"end":{"line":37,"column":null}},"line":35},"5":{"name":"(anonymous_5)","decl":{"start":{"line":39,"column":11},"end":{"line":39,"column":26}},"loc":{"start":{"line":39,"column":53},"end":{"line":41,"column":null}},"line":39},"6":{"name":"(anonymous_6)","decl":{"start":{"line":43,"column":11},"end":{"line":43,"column":31}},"loc":{"start":{"line":43,"column":56},"end":{"line":45,"column":null}},"line":43},"7":{"name":"(anonymous_7)","decl":{"start":{"line":47,"column":11},"end":{"line":47,"column":33}},"loc":{"start":{"line":47,"column":33},"end":{"line":49,"column":null}},"line":47},"8":{"name":"(anonymous_8)","decl":{"start":{"line":50,"column":11},"end":{"line":50,"column":32}},"loc":{"start":{"line":50,"column":32},"end":{"line":52,"column":null}},"line":50},"9":{"name":"(anonymous_9)","decl":{"start":{"line":53,"column":11},"end":{"line":53,"column":44}},"loc":{"start":{"line":53,"column":44},"end":{"line":55,"column":null}},"line":53},"10":{"name":"(anonymous_10)","decl":{"start":{"line":56,"column":11},"end":{"line":56,"column":31}},"loc":{"start":{"line":56,"column":31},"end":{"line":58,"column":null}},"line":56},"11":{"name":"(anonymous_11)","decl":{"start":{"line":59,"column":11},"end":{"line":59,"column":36}},"loc":{"start":{"line":59,"column":36},"end":{"line":61,"column":null}},"line":59},"12":{"name":"(anonymous_12)","decl":{"start":{"line":62,"column":11},"end":{"line":62,"column":41}},"loc":{"start":{"line":62,"column":41},"end":{"line":64,"column":null}},"line":62},"13":{"name":"(anonymous_13)","decl":{"start":{"line":66,"column":11},"end":{"line":66,"column":32}},"loc":{"start":{"line":66,"column":32},"end":{"line":68,"column":null}},"line":66},"14":{"name":"(anonymous_14)","decl":{"start":{"line":70,"column":11},"end":{"line":70,"column":19}},"loc":{"start":{"line":70,"column":41},"end":{"line":76,"column":null}},"line":70},"15":{"name":"(anonymous_15)","decl":{"start":{"line":78,"column":11},"end":{"line":78,"column":20}},"loc":{"start":{"line":78,"column":42},"end":{"line":91,"column":null}},"line":78}},"branchMap":{"0":{"loc":{"start":{"line":71,"column":8},"end":{"line":71,"column":null}},"type":"if","locations":[{"start":{"line":71,"column":8},"end":{"line":71,"column":null}},{"start":{},"end":{}}],"line":71},"1":{"loc":{"start":{"line":73,"column":8},"end":{"line":73,"column":null}},"type":"if","locations":[{"start":{"line":73,"column":8},"end":{"line":73,"column":null}},{"start":{},"end":{}}],"line":73},"2":{"loc":{"start":{"line":79,"column":8},"end":{"line":79,"column":null}},"type":"if","locations":[{"start":{"line":79,"column":8},"end":{"line":79,"column":null}},{"start":{},"end":{}}],"line":79},"3":{"loc":{"start":{"line":80,"column":8},"end":{"line":80,"column":null}},"type":"if","locations":[{"start":{"line":80,"column":8},"end":{"line":80,"column":null}},{"start":{},"end":{}}],"line":80},"4":{"loc":{"start":{"line":82,"column":8},"end":{"line":84,"column":null}},"type":"if","locations":[{"start":{"line":82,"column":8},"end":{"line":84,"column":null}},{"start":{},"end":{}}],"line":82},"5":{"loc":{"start":{"line":86,"column":8},"end":{"line":88,"column":null}},"type":"if","locations":[{"start":{"line":86,"column":8},"end":{"line":88,"column":null}},{"start":{},"end":{}}],"line":86}},"s":{"0":16,"1":16,"2":16,"3":16,"4":16,"5":16,"6":16,"7":0,"8":22,"9":21,"10":15,"11":0,"12":0,"13":1,"14":6,"15":1,"16":1,"17":1,"18":1,"19":2,"20":6,"21":3,"22":3,"23":1,"24":2,"25":9,"26":2,"27":7,"28":7,"29":6,"30":2,"31":4,"32":1,"33":3},"f":{"0":16,"1":0,"2":22,"3":21,"4":15,"5":0,"6":0,"7":1,"8":6,"9":1,"10":1,"11":1,"12":1,"13":2,"14":6,"15":9},"b":{"0":[3,3],"1":[1,2],"2":[2,7],"3":[1,6],"4":[2,4],"5":[1,3]},"meta":{"lastBranch":6,"lastFunction":16,"lastStatement":34,"seen":{"f:19:11:19:23":0,"s:20:8:20:Infinity":0,"s:7:4:7:Infinity":1,"s:9:4:9:Infinity":2,"s:11:4:11:Infinity":3,"s:13:4:13:Infinity":4,"s:15:4:15:Infinity":5,"s:17:4:17:Infinity":6,"f:23:11:23:23":1,"s:24:8:24:Infinity":7,"f:27:11:27:22":2,"s:28:8:28:Infinity":8,"f:31:11:31:34":3,"s:32:8:32:Infinity":9,"f:35:11:35:25":4,"s:36:8:36:Infinity":10,"f:39:11:39:26":5,"s:40:8:40:Infinity":11,"f:43:11:43:31":6,"s:44:8:44:Infinity":12,"f:47:11:47:33":7,"s:48:8:48:Infinity":13,"f:50:11:50:32":8,"s:51:8:51:Infinity":14,"f:53:11:53:44":9,"s:54:8:54:Infinity":15,"f:56:11:56:31":10,"s:57:8:57:Infinity":16,"f:59:11:59:36":11,"s:60:8:60:Infinity":17,"f:62:11:62:41":12,"s:63:8:63:Infinity":18,"f:66:11:66:32":13,"s:67:8:67:Infinity":19,"f:70:11:70:19":14,"b:71:8:71:Infinity:undefined:undefined:undefined:undefined":0,"s:71:8:71:Infinity":20,"s:71:25:71:Infinity":21,"b:73:8:73:Infinity:undefined:undefined:undefined:undefined":1,"s:73:8:73:Infinity":22,"s:73:30:73:Infinity":23,"s:75:8:75:Infinity":24,"f:78:11:78:20":15,"b:79:8:79:Infinity:undefined:undefined:undefined:undefined":2,"s:79:8:79:Infinity":25,"s:79:25:79:Infinity":26,"b:80:8:80:Infinity:undefined:undefined:undefined:undefined":3,"s:80:8:80:Infinity":27,"s:80:30:80:Infinity":28,"b:82:8:84:Infinity:undefined:undefined:undefined:undefined":4,"s:82:8:84:Infinity":29,"s:83:12:83:Infinity":30,"b:86:8:88:Infinity:undefined:undefined:undefined:undefined":5,"s:86:8:88:Infinity":31,"s:87:12:87:Infinity":32,"s:90:8:90:Infinity":33}}}
,"/Users/tal/dev/assignments/bondsports-api/src/app/entities/entity.ts": {"path":"/Users/tal/dev/assignments/bondsports-api/src/app/entities/entity.ts","statementMap":{"0":{"start":{"line":8,"column":8},"end":{"line":8,"column":null}},"1":{"start":{"line":9,"column":8},"end":{"line":9,"column":null}},"2":{"start":{"line":13,"column":8},"end":{"line":13,"column":null}},"3":{"start":{"line":17,"column":8},"end":{"line":17,"column":null}}},"fnMap":{"0":{"name":"(anonymous_0)","decl":{"start":{"line":7,"column":14},"end":{"line":7,"column":26}},"loc":{"start":{"line":7,"column":55},"end":{"line":10,"column":null}},"line":7},"1":{"name":"(anonymous_1)","decl":{"start":{"line":12,"column":11},"end":{"line":12,"column":27}},"loc":{"start":{"line":12,"column":27},"end":{"line":14,"column":null}},"line":12},"2":{"name":"(anonymous_2)","decl":{"start":{"line":16,"column":11},"end":{"line":16,"column":31}},"loc":{"start":{"line":16,"column":31},"end":{"line":18,"column":null}},"line":16}},"branchMap":{"0":{"loc":{"start":{"line":9,"column":18},"end":{"line":9,"column":null}},"type":"binary-expr","locations":[{"start":{"line":9,"column":18},"end":{"line":9,"column":24}},{"start":{"line":9,"column":24},"end":{"line":9,"column":null}}],"line":9}},"s":{"0":33,"1":33,"2":0,"3":0},"f":{"0":33,"1":0,"2":0},"b":{"0":[33,33]},"meta":{"lastBranch":1,"lastFunction":3,"lastStatement":4,"seen":{"f:7:14:7:26":0,"s:8:8:8:Infinity":0,"s:9:8:9:Infinity":1,"b:9:18:9:24:9:24:9:Infinity":0,"f:12:11:12:27":1,"s:13:8:13:Infinity":2,"f:16:11:16:31":2,"s:17:8:17:Infinity":3}}}
,"/Users/tal/dev/assignments/bondsports-api/src/app/entities/person-entity.ts": {"path":"/Users/tal/dev/assignments/bondsports-api/src/app/entities/person-entity.ts","statementMap":{"0":{"start":{"line":11,"column":8},"end":{"line":11,"column":null}},"1":{"start":{"line":4,"column":4},"end":{"line":4,"column":null}},"2":{"start":{"line":6,"column":4},"end":{"line":6,"column":null}},"3":{"start":{"line":8,"column":4},"end":{"line":8,"column":null}},"4":{"start":{"line":15,"column":8},"end":{"line":15,"column":null}},"5":{"start":{"line":19,"column":8},"end":{"line":19,"column":null}},"6":{"start":{"line":23,"column":8},"end":{"line":23,"column":null}},"7":{"start":{"line":27,"column":8},"end":{"line":27,"column":null}},"8":{"start":{"line":31,"column":8},"end":{"line":31,"column":null}},"9":{"start":{"line":35,"column":8},"end":{"line":35,"column":null}}},"fnMap":{"0":{"name":"(anonymous_0)","decl":{"start":{"line":10,"column":11},"end":{"line":10,"column":23}},"loc":{"start":{"line":10,"column":36},"end":{"line":12,"column":null}},"line":10},"1":{"name":"(anonymous_1)","decl":{"start":{"line":14,"column":11},"end":{"line":14,"column":19}},"loc":{"start":{"line":14,"column":39},"end":{"line":16,"column":null}},"line":14},"2":{"name":"(anonymous_2)","decl":{"start":{"line":18,"column":11},"end":{"line":18,"column":23}},"loc":{"start":{"line":18,"column":47},"end":{"line":20,"column":null}},"line":18},"3":{"name":"(anonymous_3)","decl":{"start":{"line":22,"column":11},"end":{"line":22,"column":24}},"loc":{"start":{"line":22,"column":49},"end":{"line":24,"column":null}},"line":22},"4":{"name":"(anonymous_4)","decl":{"start":{"line":26,"column":11},"end":{"line":26,"column":29}},"loc":{"start":{"line":26,"column":29},"end":{"line":28,"column":null}},"line":26},"5":{"name":"(anonymous_5)","decl":{"start":{"line":30,"column":11},"end":{"line":30,"column":33}},"loc":{"start":{"line":30,"column":33},"end":{"line":32,"column":null}},"line":30},"6":{"name":"(anonymous_6)","decl":{"start":{"line":34,"column":11},"end":{"line":34,"column":34}},"loc":{"start":{"line":34,"column":34},"end":{"line":36,"column":null}},"line":34}},"branchMap":{},"s":{"0":5,"1":5,"2":5,"3":5,"4":2,"5":2,"6":2,"7":3,"8":3,"9":3},"f":{"0":5,"1":2,"2":2,"3":2,"4":3,"5":3,"6":3},"b":{},"meta":{"lastBranch":0,"lastFunction":7,"lastStatement":10,"seen":{"f:10:11:10:23":0,"s:11:8:11:Infinity":0,"s:4:4:4:Infinity":1,"s:6:4:6:Infinity":2,"s:8:4:8:Infinity":3,"f:14:11:14:19":1,"s:15:8:15:Infinity":4,"f:18:11:18:23":2,"s:19:8:19:Infinity":5,"f:22:11:22:24":3,"s:23:8:23:Infinity":6,"f:26:11:26:29":4,"s:27:8:27:Infinity":7,"f:30:11:30:33":5,"s:31:8:31:Infinity":8,"f:34:11:34:34":6,"s:35:8:35:Infinity":9}}}
,"/Users/tal/dev/assignments/bondsports-api/src/app/entities/transaction-entity.ts": {"path":"/Users/tal/dev/assignments/bondsports-api/src/app/entities/transaction-entity.ts","statementMap":{"0":{"start":{"line":12,"column":8},"end":{"line":12,"column":null}},"1":{"start":{"line":5,"column":4},"end":{"line":5,"column":null}},"2":{"start":{"line":7,"column":4},"end":{"line":7,"column":null}},"3":{"start":{"line":9,"column":4},"end":{"line":9,"column":null}},"4":{"start":{"line":16,"column":8},"end":{"line":16,"column":null}},"5":{"start":{"line":21,"column":8},"end":{"line":21,"column":null}},"6":{"start":{"line":21,"column":38},"end":{"line":21,"column":null}},"7":{"start":{"line":23,"column":8},"end":{"line":23,"column":null}},"8":{"start":{"line":23,"column":39},"end":{"line":23,"column":null}},"9":{"start":{"line":25,"column":8},"end":{"line":25,"column":null}},"10":{"start":{"line":25,"column":26},"end":{"line":25,"column":null}},"11":{"start":{"line":30,"column":8},"end":{"line":30,"column":null}},"12":{"start":{"line":35,"column":8},"end":{"line":35,"column":null}},"13":{"start":{"line":39,"column":8},"end":{"line":39,"column":null}},"14":{"start":{"line":43,"column":8},"end":{"line":43,"column":null}},"15":{"start":{"line":47,"column":8},"end":{"line":47,"column":null}}},"fnMap":{"0":{"name":"(anonymous_0)","decl":{"start":{"line":11,"column":11},"end":{"line":11,"column":23}},"loc":{"start":{"line":11,"column":36},"end":{"line":13,"column":null}},"line":11},"1":{"name":"(anonymous_1)","decl":{"start":{"line":15,"column":11},"end":{"line":15,"column":24}},"loc":{"start":{"line":15,"column":49},"end":{"line":17,"column":null}},"line":15},"2":{"name":"(anonymous_2)","decl":{"start":{"line":19,"column":11},"end":{"line":19,"column":21}},"loc":{"start":{"line":19,"column":43},"end":{"line":31,"column":null}},"line":19},"3":{"name":"(anonymous_3)","decl":{"start":{"line":34,"column":11},"end":{"line":34,"column":24}},"loc":{"start":{"line":34,"column":44},"end":{"line":36,"column":null}},"line":34},"4":{"name":"(anonymous_4)","decl":{"start":{"line":38,"column":11},"end":{"line":38,"column":34}},"loc":{"start":{"line":38,"column":34},"end":{"line":40,"column":null}},"line":38},"5":{"name":"(anonymous_5)","decl":{"start":{"line":42,"column":11},"end":{"line":42,"column":31}},"loc":{"start":{"line":42,"column":31},"end":{"line":44,"column":null}},"line":42},"6":{"name":"(anonymous_6)","decl":{"start":{"line":46,"column":11},"end":{"line":46,"column":34}},"loc":{"start":{"line":46,"column":34},"end":{"line":48,"column":null}},"line":46}},"branchMap":{"0":{"loc":{"start":{"line":21,"column":8},"end":{"line":21,"column":null}},"type":"if","locations":[{"start":{"line":21,"column":8},"end":{"line":21,"column":null}},{"start":{},"end":{}}],"line":21},"1":{"loc":{"start":{"line":23,"column":8},"end":{"line":23,"column":null}},"type":"if","locations":[{"start":{"line":23,"column":8},"end":{"line":23,"column":null}},{"start":{},"end":{}}],"line":23},"2":{"loc":{"start":{"line":25,"column":8},"end":{"line":25,"column":null}},"type":"if","locations":[{"start":{"line":25,"column":8},"end":{"line":25,"column":null}},{"start":{},"end":{}}],"line":25}},"s":{"0":12,"1":12,"2":12,"3":12,"4":1,"5":10,"6":3,"7":7,"8":7,"9":6,"10":6,"11":3,"12":1,"13":1,"14":3,"15":3},"f":{"0":12,"1":1,"2":10,"3":1,"4":1,"5":3,"6":3},"b":{"0":[3,7],"1":[1,6],"2":[3,3]},"meta":{"lastBranch":3,"lastFunction":7,"lastStatement":16,"seen":{"f:11:11:11:23":0,"s:12:8:12:Infinity":0,"s:5:4:5:Infinity":1,"s:7:4:7:Infinity":2,"s:9:4:9:Infinity":3,"f:15:11:15:24":1,"s:16:8:16:Infinity":4,"f:19:11:19:21":2,"b:21:8:21:Infinity:undefined:undefined:undefined:undefined":0,"s:21:8:21:Infinity":5,"s:21:38:21:Infinity":6,"b:23:8:23:Infinity:undefined:undefined:undefined:undefined":1,"s:23:8:23:Infinity":7,"s:23:39:23:Infinity":8,"b:25:8:25:Infinity:undefined:undefined:undefined:undefined":2,"s:25:8:25:Infinity":9,"s:25:26:25:Infinity":10,"s:30:8:30:Infinity":11,"f:34:11:34:24":3,"s:35:8:35:Infinity":12,"f:38:11:38:34":4,"s:39:8:39:Infinity":13,"f:42:11:42:31":5,"s:43:8:43:Infinity":14,"f:46:11:46:34":6,"s:47:8:47:Infinity":15}}}
,"/Users/tal/dev/assignments/bondsports-api/src/app/errors/account-errors.ts": {"path":"/Users/tal/dev/assignments/bondsports-api/src/app/errors/account-errors.ts","statementMap":{"0":{"start":{"line":6,"column":8},"end":{"line":6,"column":null}},"1":{"start":{"line":4,"column":4},"end":{"line":4,"column":null}},"2":{"start":{"line":7,"column":8},"end":{"line":7,"column":null}},"3":{"start":{"line":14,"column":8},"end":{"line":14,"column":null}},"4":{"start":{"line":12,"column":4},"end":{"line":12,"column":null}},"5":{"start":{"line":15,"column":8},"end":{"line":15,"column":null}},"6":{"start":{"line":22,"column":8},"end":{"line":22,"column":null}},"7":{"start":{"line":20,"column":4},"end":{"line":20,"column":null}},"8":{"start":{"line":23,"column":8},"end":{"line":23,"column":null}},"9":{"start":{"line":30,"column":8},"end":{"line":30,"column":null}},"10":{"start":{"line":28,"column":4},"end":{"line":28,"column":null}},"11":{"start":{"line":31,"column":8},"end":{"line":31,"column":null}}},"fnMap":{"0":{"name":"(anonymous_0)","decl":{"start":{"line":5,"column":4},"end":{"line":5,"column":16}},"loc":{"start":{"line":5,"column":32},"end":{"line":8,"column":null}},"line":5},"1":{"name":"(anonymous_1)","decl":{"start":{"line":13,"column":4},"end":{"line":13,"column":18}},"loc":{"start":{"line":13,"column":18},"end":{"line":16,"column":null}},"line":13},"2":{"name":"(anonymous_2)","decl":{"start":{"line":21,"column":4},"end":{"line":21,"column":18}},"loc":{"start":{"line":21,"column":18},"end":{"line":24,"column":null}},"line":21},"3":{"name":"(anonymous_3)","decl":{"start":{"line":29,"column":4},"end":{"line":29,"column":18}},"loc":{"start":{"line":29,"column":18},"end":{"line":32,"column":null}},"line":29}},"branchMap":{},"s":{"0":5,"1":5,"2":5,"3":2,"4":2,"5":2,"6":2,"7":2,"8":2,"9":1,"10":1,"11":1},"f":{"0":5,"1":2,"2":2,"3":1},"b":{},"meta":{"lastBranch":0,"lastFunction":4,"lastStatement":12,"seen":{"f:5:4:5:16":0,"s:6:8:6:Infinity":0,"s:4:4:4:Infinity":1,"s:7:8:7:Infinity":2,"f:13:4:13:18":1,"s:14:8:14:Infinity":3,"s:12:4:12:Infinity":4,"s:15:8:15:Infinity":5,"f:21:4:21:18":2,"s:22:8:22:Infinity":6,"s:20:4:20:Infinity":7,"s:23:8:23:Infinity":8,"f:29:4:29:18":3,"s:30:8:30:Infinity":9,"s:28:4:28:Infinity":10,"s:31:8:31:Infinity":11}}}
,"/Users/tal/dev/assignments/bondsports-api/src/app/errors/domain-error.ts": {"path":"/Users/tal/dev/assignments/bondsports-api/src/app/errors/domain-error.ts","statementMap":{"0":{"start":{"line":5,"column":8},"end":{"line":5,"column":null}},"1":{"start":{"line":6,"column":8},"end":{"line":6,"column":null}}},"fnMap":{"0":{"name":"(anonymous_0)","decl":{"start":{"line":4,"column":14},"end":{"line":4,"column":26}},"loc":{"start":{"line":4,"column":43},"end":{"line":7,"column":null}},"line":4}},"branchMap":{},"s":{"0":17,"1":17},"f":{"0":17},"b":{},"meta":{"lastBranch":0,"lastFunction":1,"lastStatement":2,"seen":{"f:4:14:4:26":0,"s:5:8:5:Infinity":0,"s:6:8:6:Infinity":1}}}
,"/Users/tal/dev/assignments/bondsports-api/src/app/errors/transaction-errors.ts": {"path":"/Users/tal/dev/assignments/bondsports-api/src/app/errors/transaction-errors.ts","statementMap":{"0":{"start":{"line":7,"column":8},"end":{"line":7,"column":null}},"1":{"start":{"line":4,"column":4},"end":{"line":4,"column":null}},"2":{"start":{"line":8,"column":8},"end":{"line":8,"column":null}},"3":{"start":{"line":16,"column":8},"end":{"line":16,"column":null}},"4":{"start":{"line":13,"column":4},"end":{"line":13,"column":null}},"5":{"start":{"line":17,"column":8},"end":{"line":17,"column":null}},"6":{"start":{"line":25,"column":8},"end":{"line":25,"column":null}},"7":{"start":{"line":22,"column":4},"end":{"line":22,"column":null}},"8":{"start":{"line":26,"column":8},"end":{"line":26,"column":null}},"9":{"start":{"line":34,"column":8},"end":{"line":38,"column":null}},"10":{"start":{"line":31,"column":4},"end":{"line":31,"column":null}},"11":{"start":{"line":39,"column":8},"end":{"line":39,"column":null}}},"fnMap":{"0":{"name":"(anonymous_0)","decl":{"start":{"line":6,"column":4},"end":{"line":6,"column":16}},"loc":{"start":{"line":6,"column":32},"end":{"line":9,"column":null}},"line":6},"1":{"name":"(anonymous_1)","decl":{"start":{"line":15,"column":4},"end":{"line":15,"column":18}},"loc":{"start":{"line":15,"column":18},"end":{"line":18,"column":null}},"line":15},"2":{"name":"(anonymous_2)","decl":{"start":{"line":24,"column":4},"end":{"line":24,"column":16}},"loc":{"start":{"line":24,"column":35},"end":{"line":27,"column":null}},"line":24},"3":{"name":"(anonymous_3)","decl":{"start":{"line":33,"column":4},"end":{"line":33,"column":16}},"loc":{"start":{"line":33,"column":40},"end":{"line":40,"column":null}},"line":33}},"branchMap":{"0":{"loc":{"start":{"line":35,"column":12},"end":{"line":37,"column":null}},"type":"cond-expr","locations":[{"start":{"line":36,"column":18},"end":{"line":36,"column":null}},{"start":{"line":37,"column":18},"end":{"line":37,"column":null}}],"line":35}},"s":{"0":7,"1":7,"2":7,"3":0,"4":0,"5":0,"6":0,"7":0,"8":0,"9":0,"10":0,"11":0},"f":{"0":7,"1":0,"2":0,"3":0},"b":{"0":[0,0]},"meta":{"lastBranch":1,"lastFunction":4,"lastStatement":12,"seen":{"f:6:4:6:16":0,"s:7:8:7:Infinity":0,"s:4:4:4:Infinity":1,"s:8:8:8:Infinity":2,"f:15:4:15:18":1,"s:16:8:16:Infinity":3,"s:13:4:13:Infinity":4,"s:17:8:17:Infinity":5,"f:24:4:24:16":2,"s:25:8:25:Infinity":6,"s:22:4:22:Infinity":7,"s:26:8:26:Infinity":8,"f:33:4:33:16":3,"s:34:8:38:Infinity":9,"b:36:18:36:Infinity:37:18:37:Infinity":0,"s:31:4:31:Infinity":10,"s:39:8:39:Infinity":11}}}
,"/Users/tal/dev/assignments/bondsports-api/src/web-server/request-handlers/block-account-handler.ts": {"path":"/Users/tal/dev/assignments/bondsports-api/src/web-server/request-handlers/block-account-handler.ts","statementMap":{"0":{"start":{"line":16,"column":28},"end":{"line":35,"column":null}},"1":{"start":{"line":17,"column":33},"end":{"line":17,"column":null}},"2":{"start":{"line":19,"column":26},"end":{"line":19,"column":null}},"3":{"start":{"line":21,"column":26},"end":{"line":21,"column":null}},"4":{"start":{"line":23,"column":4},"end":{"line":23,"column":null}},"5":{"start":{"line":23,"column":24},"end":{"line":23,"column":null}},"6":{"start":{"line":25,"column":4},"end":{"line":25,"column":null}},"7":{"start":{"line":27,"column":4},"end":{"line":31,"column":null}},"8":{"start":{"line":28,"column":8},"end":{"line":28,"column":null}},"9":{"start":{"line":30,"column":8},"end":{"line":30,"column":null}},"10":{"start":{"line":33,"column":4},"end":{"line":33,"column":null}}},"fnMap":{"0":{"name":"(anonymous_0)","decl":{"start":{"line":16,"column":28},"end":{"line":16,"column":35}},"loc":{"start":{"line":16,"column":116},"end":{"line":35,"column":null}},"line":16}},"branchMap":{"0":{"loc":{"start":{"line":23,"column":4},"end":{"line":23,"column":null}},"type":"if","locations":[{"start":{"line":23,"column":4},"end":{"line":23,"column":null}},{"start":{},"end":{}}],"line":23}},"s":{"0":1,"1":4,"2":4,"3":4,"4":4,"5":1,"6":3,"7":3,"8":3,"9":2,"10":1},"f":{"0":4},"b":{"0":[1,3]},"meta":{"lastBranch":1,"lastFunction":1,"lastStatement":11,"seen":{"s:16:28:35:Infinity":0,"f:16:28:16:35":0,"s:17:33:17:Infinity":1,"s:19:26:19:Infinity":2,"s:21:26:21:Infinity":3,"b:23:4:23:Infinity:undefined:undefined:undefined:undefined":0,"s:23:4:23:Infinity":4,"s:23:24:23:Infinity":5,"s:25:4:25:Infinity":6,"s:27:4:31:Infinity":7,"s:28:8:28:Infinity":8,"s:30:8:30:Infinity":9,"s:33:4:33:Infinity":10}}}
,"/Users/tal/dev/assignments/bondsports-api/src/web-server/utils/server-error.ts": {"path":"/Users/tal/dev/assignments/bondsports-api/src/web-server/utils/server-error.ts","statementMap":{"0":{"start":{"line":15,"column":8},"end":{"line":15,"column":null}},"1":{"start":{"line":16,"column":8},"end":{"line":16,"column":null}},"2":{"start":{"line":17,"column":8},"end":{"line":17,"column":null}},"3":{"start":{"line":18,"column":8},"end":{"line":18,"column":null}},"4":{"start":{"line":19,"column":8},"end":{"line":19,"column":null}},"5":{"start":{"line":20,"column":8},"end":{"line":20,"column":null}},"6":{"start":{"line":23,"column":8},"end":{"line":23,"column":null}},"7":{"start":{"line":23,"column":24},"end":{"line":23,"column":null}},"8":{"start":{"line":29,"column":8},"end":{"line":29,"column":null}},"9":{"start":{"line":35,"column":8},"end":{"line":35,"column":null}},"10":{"start":{"line":41,"column":8},"end":{"line":41,"column":null}},"11":{"start":{"line":47,"column":8},"end":{"line":47,"column":null}}},"fnMap":{"0":{"name":"(anonymous_0)","decl":{"start":{"line":7,"column":4},"end":{"line":7,"column":16}},"loc":{"start":{"line":14,"column":7},"end":{"line":24,"column":null}},"line":14},"1":{"name":"(anonymous_1)","decl":{"start":{"line":28,"column":4},"end":{"line":28,"column":16}},"loc":{"start":{"line":28,"column":67},"end":{"line":30,"column":null}},"line":28},"2":{"name":"(anonymous_2)","decl":{"start":{"line":34,"column":4},"end":{"line":34,"column":16}},"loc":{"start":{"line":34,"column":62},"end":{"line":36,"column":null}},"line":34},"3":{"name":"(anonymous_3)","decl":{"start":{"line":40,"column":4},"end":{"line":40,"column":16}},"loc":{"start":{"line":40,"column":42},"end":{"line":42,"column":null}},"line":40},"4":{"name":"(anonymous_4)","decl":{"start":{"line":46,"column":4},"end":{"line":46,"column":16}},"loc":{"start":{"line":46,"column":57},"end":{"line":48,"column":null}},"line":46}},"branchMap":{"0":{"loc":{"start":{"line":20,"column":22},"end":{"line":20,"column":null}},"type":"binary-expr","locations":[{"start":{"line":20,"column":22},"end":{"line":20,"column":37}},{"start":{"line":20,"column":37},"end":{"line":20,"column":null}}],"line":20},"1":{"loc":{"start":{"line":23,"column":8},"end":{"line":23,"column":null}},"type":"if","locations":[{"start":{"line":23,"column":8},"end":{"line":23,"column":null}},{"start":{},"end":{}}],"line":23},"2":{"loc":{"start":{"line":28,"column":16},"end":{"line":28,"column":48}},"type":"default-arg","locations":[{"start":{"line":28,"column":26},"end":{"line":28,"column":48}}],"line":28},"3":{"loc":{"start":{"line":34,"column":16},"end":{"line":34,"column":43}},"type":"default-arg","locations":[{"start":{"line":34,"column":26},"end":{"line":34,"column":43}}],"line":34},"4":{"loc":{"start":{"line":40,"column":16},"end":{"line":40,"column":42}},"type":"default-arg","locations":[{"start":{"line":40,"column":26},"end":{"line":40,"column":42}}],"line":40},"5":{"loc":{"start":{"line":46,"column":16},"end":{"line":46,"column":38}},"type":"default-arg","locations":[{"start":{"line":46,"column":26},"end":{"line":46,"column":38}}],"line":46}},"s":{"0":3,"1":3,"2":3,"3":3,"4":3,"5":3,"6":3,"7":0,"8":1,"9":2,"10":0,"11":0},"f":{"0":3,"1":1,"2":2,"3":0,"4":0},"b":{"0":[3,3],"1":[0,3],"2":[1],"3":[2],"4":[0],"5":[0]},"meta":{"lastBranch":6,"lastFunction":5,"lastStatement":12,"seen":{"f:7:4:7:16":0,"s:15:8:15:Infinity":0,"s:16:8:16:Infinity":1,"s:17:8:17:Infinity":2,"s:18:8:18:Infinity":3,"s:19:8:19:Infinity":4,"s:20:8:20:Infinity":5,"b:20:22:20:37:20:37:20:Infinity":0,"b:23:8:23:Infinity:undefined:undefined:undefined:undefined":1,"s:23:8:23:Infinity":6,"s:23:24:23:Infinity":7,"f:28:4:28:16":1,"b:28:26:28:48":2,"s:29:8:29:Infinity":8,"f:34:4:34:16":2,"b:34:26:34:43":3,"s:35:8:35:Infinity":9,"f:40:4:40:16":3,"b:40:26:40:42":4,"s:41:8:41:Infinity":10,"f:46:4:46:16":4,"b:46:26:46:38":5,"s:47:8:47:Infinity":11}}}
}
